Pig Stack Trace
---------------
ERROR 1066: Unable to open iterator for alias ratings. Backend error : java.io.IOException: java.net.ConnectException: Your endpoint configuration is wrong; For more details see:  http://wiki.apache.org/hadoop/UnsetHostnameOrPort

org.apache.pig.impl.logicalLayer.FrontendException: ERROR 1066: Unable to open iterator for alias ratings. Backend error : java.io.IOException: java.net.ConnectException: Your endpoint configuration is wrong; For more details see:  http://wiki.apache.org/hadoop/UnsetHostnameOrPort
	at org.apache.pig.PigServer.openIterator(PigServer.java:1010)
	at org.apache.pig.tools.grunt.GruntParser.processDump(GruntParser.java:782)
	at org.apache.pig.tools.pigscript.parser.PigScriptParser.parse(PigScriptParser.java:383)
	at org.apache.pig.tools.grunt.GruntParser.parseStopOnError(GruntParser.java:230)
	at org.apache.pig.tools.grunt.GruntParser.parseStopOnError(GruntParser.java:205)
	at org.apache.pig.tools.grunt.Grunt.exec(Grunt.java:81)
	at org.apache.pig.Main.run(Main.java:630)
	at org.apache.pig.Main.main(Main.java:175)
	at java.base/jdk.internal.reflect.NativeMethodAccessorImpl.invoke0(Native Method)
	at java.base/jdk.internal.reflect.NativeMethodAccessorImpl.invoke(NativeMethodAccessorImpl.java:62)
	at java.base/jdk.internal.reflect.DelegatingMethodAccessorImpl.invoke(DelegatingMethodAccessorImpl.java:43)
	at java.base/java.lang.reflect.Method.invoke(Method.java:566)
	at org.apache.hadoop.util.RunJar.run(RunJar.java:323)
	at org.apache.hadoop.util.RunJar.main(RunJar.java:236)
Caused by: org.apache.pig.backend.executionengine.ExecException: ERROR 0: java.io.IOException: java.net.ConnectException: Your endpoint configuration is wrong; For more details see:  http://wiki.apache.org/hadoop/UnsetHostnameOrPort
	at org.apache.pig.backend.hadoop.executionengine.mapReduceLayer.MapReduceLauncher.getStats(MapReduceLauncher.java:841)
	at org.apache.pig.backend.hadoop.executionengine.mapReduceLayer.MapReduceLauncher.launchPig(MapReduceLauncher.java:473)
	at org.apache.pig.backend.hadoop.executionengine.HExecutionEngine.launchPig(HExecutionEngine.java:290)
	at org.apache.pig.PigServer.launchPlan(PigServer.java:1475)
	at org.apache.pig.PigServer.executeCompiledLogicalPlan(PigServer.java:1460)
	at org.apache.pig.PigServer.storeEx(PigServer.java:1119)
	at org.apache.pig.PigServer.store(PigServer.java:1082)
	at org.apache.pig.PigServer.openIterator(PigServer.java:995)
	... 13 more
Caused by: java.io.IOException: java.net.ConnectException: Your endpoint configuration is wrong; For more details see:  http://wiki.apache.org/hadoop/UnsetHostnameOrPort
	at org.apache.hadoop.mapred.ClientServiceDelegate.invoke(ClientServiceDelegate.java:345)
	at org.apache.hadoop.mapred.ClientServiceDelegate.getJobStatus(ClientServiceDelegate.java:430)
	at org.apache.hadoop.mapred.YARNRunner.getJobStatus(YARNRunner.java:872)
	at org.apache.hadoop.mapreduce.Cluster.getJob(Cluster.java:215)
	at org.apache.pig.tools.pigstats.mapreduce.MRJobStats.getTaskReports(MRJobStats.java:528)
	at org.apache.pig.backend.hadoop.executionengine.mapReduceLayer.MapReduceLauncher.getStats(MapReduceLauncher.java:823)
	... 20 more
Caused by: java.net.ConnectException: Your endpoint configuration is wrong; For more details see:  http://wiki.apache.org/hadoop/UnsetHostnameOrPort
	at java.base/jdk.internal.reflect.NativeConstructorAccessorImpl.newInstance0(Native Method)
	at java.base/jdk.internal.reflect.NativeConstructorAccessorImpl.newInstance(NativeConstructorAccessorImpl.java:62)
	at java.base/jdk.internal.reflect.DelegatingConstructorAccessorImpl.newInstance(DelegatingConstructorAccessorImpl.java:45)
	at java.base/java.lang.reflect.Constructor.newInstance(Constructor.java:490)
	at org.apache.hadoop.net.NetUtils.wrapWithMessage(NetUtils.java:913)
	at org.apache.hadoop.net.NetUtils.wrapException(NetUtils.java:824)
	at org.apache.hadoop.ipc.Client.getRpcResponse(Client.java:1577)
	at org.apache.hadoop.ipc.Client.call(Client.java:1519)
	at org.apache.hadoop.ipc.Client.call(Client.java:1416)
	at org.apache.hadoop.ipc.ProtobufRpcEngine2$Invoker.invoke(ProtobufRpcEngine2.java:242)
	at org.apache.hadoop.ipc.ProtobufRpcEngine2$Invoker.invoke(ProtobufRpcEngine2.java:129)
	at com.sun.proxy.$Proxy17.getJobReport(Unknown Source)
	at org.apache.hadoop.mapreduce.v2.api.impl.pb.client.MRClientProtocolPBClientImpl.getJobReport(MRClientProtocolPBClientImpl.java:135)
	at java.base/jdk.internal.reflect.NativeMethodAccessorImpl.invoke0(Native Method)
	at java.base/jdk.internal.reflect.NativeMethodAccessorImpl.invoke(NativeMethodAccessorImpl.java:62)
	at java.base/jdk.internal.reflect.DelegatingMethodAccessorImpl.invoke(DelegatingMethodAccessorImpl.java:43)
	at java.base/java.lang.reflect.Method.invoke(Method.java:566)
	at org.apache.hadoop.mapred.ClientServiceDelegate.invoke(ClientServiceDelegate.java:326)
	... 25 more
Caused by: java.net.ConnectException: Connection refused
	at java.base/sun.nio.ch.SocketChannelImpl.checkConnect(Native Method)
	at java.base/sun.nio.ch.SocketChannelImpl.finishConnect(SocketChannelImpl.java:777)
	at org.apache.hadoop.net.SocketIOWithTimeout.connect(SocketIOWithTimeout.java:206)
	at org.apache.hadoop.net.NetUtils.connect(NetUtils.java:586)
	at org.apache.hadoop.ipc.Client$Connection.setupConnection(Client.java:701)
	at org.apache.hadoop.ipc.Client$Connection.setupIOstreams(Client.java:822)
	at org.apache.hadoop.ipc.Client$Connection.access$3800(Client.java:414)
	at org.apache.hadoop.ipc.Client.getConnection(Client.java:1647)
	at org.apache.hadoop.ipc.Client.call(Client.java:1463)
	... 35 more
================================================================================
